<?xml version="1.0" encoding="UTF-8"?>
<testng-results skipped="0" failed="0" ignored="0" total="1" passed="1">
  <reporter-output>
  </reporter-output>
  <suite name="Default suite" duration-ms="31" started-at="2019-06-15T06:14:46Z" finished-at="2019-06-15T06:14:46Z">
    <groups>
    </groups>
    <test name="Default test" duration-ms="31" started-at="2019-06-15T06:14:46Z" finished-at="2019-06-15T06:14:46Z">
      <class name="com.create.exam.ExamApplicationTests">
        <test-method status="PASS" signature="contextLoads()[pri:0, instance:com.create.exam.ExamApplicationTests@27c20538]" name="contextLoads" duration-ms="8" started-at="2019-06-15T06:14:46Z" finished-at="2019-06-15T06:14:46Z">
          <reporter-output>
          </reporter-output>
        </test-method> <!-- contextLoads -->
      </class> <!-- com.create.exam.ExamApplicationTests -->
    </test> <!-- Default test -->
  </suite> <!-- Default suite -->
</testng-results>
